g:\repos\sourcemod\alliedmodders\sourcemod\public\sample_ext\msvc12\debug - orange box valve\vc100.pdb
g:\repos\sourcemod\alliedmodders\sourcemod\public\sample_ext\msvc12\debug - orange box valve\vc120.pdb
g:\repos\sourcemod\alliedmodders\sourcemod\public\sample_ext\msvc12\debug - orange box valve\vc120.idb
g:\repos\sourcemod\alliedmodders\sourcemod\public\sample_ext\msvc12\debug - orange box valve\extension.obj
g:\repos\sourcemod\alliedmodders\sourcemod\public\sample_ext\msvc12\debug - orange box valve\vc140.pdb
g:\repos\sourcemod\alliedmodders\sourcemod\public\sample_ext\msvc12\debug - orange box valve\vc140.idb
g:\repos\sourcemod\alliedmodders\sourcemod\public\sample_ext\msvc12\debug - orange box valve\smsdk_ext.obj
g:\repos\sourcemod\alliedmodders\sourcemod\public\sample_ext\msvc12\debug - orange box valve\bot.obj
g:\repos\sourcemod\alliedmodders\sourcemod\public\sample_ext\msvc12\debug - orange box valve\botmanager.obj
g:\repos\sourcemod\alliedmodders\sourcemod\public\sample_ext\msvc12\debug - orange box valve\botpuppeteer.ext.ilk
g:\repos\sourcemod\alliedmodders\sourcemod\public\sample_ext\msvc12\debug - orange box valve\botpuppeteer.ext.dll
g:\repos\sourcemod\alliedmodders\sourcemod\public\sample_ext\msvc12\debug - orange box valve\botpuppeteer.ext.pdb
g:\repos\sourcemod\alliedmodders\sourcemod\public\sample_ext\msvc12\debug - orange box valve\sample.ext.2.ep2v.lib
g:\repos\sourcemod\alliedmodders\sourcemod\public\sample_ext\msvc12\debug - orange box valve\sample.ext.2.ep2v.exp
g:\repos\sourcemod\alliedmodders\sourcemod\public\sample_ext\msvc12\debug - orange box valve\botpuppeteer.ext.lib
g:\repos\sourcemod\alliedmodders\sourcemod\public\sample_ext\msvc12\debug - orange box valve\botpuppeteer.ext.exp
g:\repos\sourcemod\alliedmodders\sourcemod\public\sample_ext\msvc12\debug - orange box valve\cl.command.1.tlog
g:\repos\sourcemod\alliedmodders\sourcemod\public\sample_ext\msvc12\debug - orange box valve\cl.read.1.tlog
g:\repos\sourcemod\alliedmodders\sourcemod\public\sample_ext\msvc12\debug - orange box valve\cl.write.1.tlog
g:\repos\sourcemod\alliedmodders\sourcemod\public\sample_ext\msvc12\debug - orange box valve\vc100.idb
g:\repos\sourcemod\alliedmodders\sourcemod\public\sample_ext\msvc12\debug - orange box valve\sdk.tlog\cl.command.1.tlog
g:\repos\sourcemod\alliedmodders\sourcemod\public\sample_ext\msvc12\debug - orange box valve\sdk.tlog\cl.read.1.tlog
g:\repos\sourcemod\alliedmodders\sourcemod\public\sample_ext\msvc12\debug - orange box valve\sdk.tlog\cl.write.1.tlog
g:\repos\sourcemod\alliedmodders\sourcemod\public\sample_ext\msvc12\debug - orange box valve\sdk.tlog\link.command.1.tlog
g:\repos\sourcemod\alliedmodders\sourcemod\public\sample_ext\msvc12\debug - orange box valve\sdk.tlog\link.read.1.tlog
g:\repos\sourcemod\alliedmodders\sourcemod\public\sample_ext\msvc12\debug - orange box valve\sdk.tlog\link.write.1.tlog
g:\repos\sourcemod\alliedmodders\sourcemod\public\sample_ext\msvc12\debug - orange box valve\sdk.tlog\sdk.write.1u.tlog
